<?xml version="1.0" encoding="UTF-8"?>
<testng-results ignored="0" total="1" passed="1" failed="0" skipped="0">
  <reporter-output>
  </reporter-output>
  <suite started-at="2024-09-09T12:40:44 IST" name="Suite" finished-at="2024-09-09T12:41:28 IST" duration-ms="43469">
    <groups>
    </groups>
    <test started-at="2024-09-09T12:40:44 IST" name="Test" finished-at="2024-09-09T12:41:28 IST" duration-ms="43469">
      <class name="com.ShoppersStack_testScripts.TC_001_Verify_user_is_able_to_add_address_or_not_Test">
        <test-method is-config="true" signature="brforeSuite()[pri:0, instance:com.ShoppersStack_testScripts.TC_001_Verify_user_is_able_to_add_address_or_not_Test@2c35e847]" started-at="2024-09-09T12:40:44 IST" name="brforeSuite" finished-at="2024-09-09T12:40:44 IST" duration-ms="11" status="PASS">
          <reporter-output>
          </reporter-output>
        </test-method> <!-- brforeSuite -->
        <test-method is-config="true" signature="beforeTest()[pri:0, instance:com.ShoppersStack_testScripts.TC_001_Verify_user_is_able_to_add_address_or_not_Test@2c35e847]" started-at="2024-09-09T12:40:44 IST" name="beforeTest" finished-at="2024-09-09T12:40:45 IST" duration-ms="534" status="PASS">
          <reporter-output>
          </reporter-output>
        </test-method> <!-- beforeTest -->
        <test-method is-config="true" signature="beforeClass()[pri:0, instance:com.ShoppersStack_testScripts.TC_001_Verify_user_is_able_to_add_address_or_not_Test@2c35e847]" started-at="2024-09-09T12:40:45 IST" name="beforeClass" finished-at="2024-09-09T12:40:55 IST" duration-ms="10413" status="PASS">
          <reporter-output>
          </reporter-output>
        </test-method> <!-- beforeClass -->
        <test-method is-config="true" signature="beforeMethod()[pri:0, instance:com.ShoppersStack_testScripts.TC_001_Verify_user_is_able_to_add_address_or_not_Test@2c35e847]" started-at="2024-09-09T12:40:55 IST" name="beforeMethod" finished-at="2024-09-09T12:41:05 IST" duration-ms="9892" status="PASS">
          <reporter-output>
          </reporter-output>
        </test-method> <!-- beforeMethod -->
        <test-method signature="addAddress()[pri:0, instance:com.ShoppersStack_testScripts.TC_001_Verify_user_is_able_to_add_address_or_not_Test@2c35e847]" started-at="2024-09-09T12:41:05 IST" name="addAddress" finished-at="2024-09-09T12:41:18 IST" duration-ms="12614" status="PASS">
          <reporter-output>
          </reporter-output>
        </test-method> <!-- addAddress -->
        <test-method is-config="true" signature="afterMethod()[pri:0, instance:com.ShoppersStack_testScripts.TC_001_Verify_user_is_able_to_add_address_or_not_Test@2c35e847]" started-at="2024-09-09T12:41:18 IST" name="afterMethod" finished-at="2024-09-09T12:41:24 IST" duration-ms="5560" status="PASS">
          <reporter-output>
          </reporter-output>
        </test-method> <!-- afterMethod -->
        <test-method is-config="true" signature="afterClass()[pri:0, instance:com.ShoppersStack_testScripts.TC_001_Verify_user_is_able_to_add_address_or_not_Test@2c35e847]" started-at="2024-09-09T12:41:24 IST" name="afterClass" finished-at="2024-09-09T12:41:27 IST" duration-ms="3610" status="PASS">
          <reporter-output>
          </reporter-output>
        </test-method> <!-- afterClass -->
        <test-method is-config="true" signature="afterTest()[pri:0, instance:com.ShoppersStack_testScripts.TC_001_Verify_user_is_able_to_add_address_or_not_Test@2c35e847]" started-at="2024-09-09T12:41:27 IST" name="afterTest" finished-at="2024-09-09T12:41:28 IST" duration-ms="591" status="PASS">
          <reporter-output>
          </reporter-output>
        </test-method> <!-- afterTest -->
        <test-method is-config="true" signature="afterSuite()[pri:0, instance:com.ShoppersStack_testScripts.TC_001_Verify_user_is_able_to_add_address_or_not_Test@2c35e847]" started-at="2024-09-09T12:41:28 IST" name="afterSuite" finished-at="2024-09-09T12:41:28 IST" duration-ms="1" status="PASS">
          <reporter-output>
          </reporter-output>
        </test-method> <!-- afterSuite -->
      </class> <!-- com.ShoppersStack_testScripts.TC_001_Verify_user_is_able_to_add_address_or_not_Test -->
    </test> <!-- Test -->
  </suite> <!-- Suite -->
</testng-results>
